<?xml version="1.0" encoding="UTF-8"?>
<testsuite xmlns:xsi="http://www.w3.org/2001/XMLSchema-instance" xsi:schemaLocation="https://maven.apache.org/surefire/maven-surefire-plugin/xsd/surefire-test-report.xsd" name="tw.teddysoft.bdd.domain.invoice.tw.teddysoft.bdd.cucumber.IssuingInvoiceCucumberTest" time="0.479" tests="124" errors="0" skipped="0" failures="0">
  <properties>
[...]
</properties>
  <testcase name="Given Ｔhe VAT rate is 0.05" classname="| 36000 | 1714 | 34286 | Refactoring定價 |" time="0"/>
  <testcase name="Given Ｔhe VAT rate is 0.05" classname="| 36000 | 1714 | 34286 | Refactoring定價 |" time="0"/>
  <testcase name="And the tax included price provided is 36000" classname="| 36000 | 1714 | 34286 | Refactoring定價 |" time="0"/>
  <testcase name="When I issue a company invoice" classname="| 36000 | 1714 | 34286 | Refactoring定價 |" time="0"/>
  <testcase name="When I issue a company invoice" classname="| 36000 | 1714 | 34286 | Refactoring定價 |" time="0"/>
  <testcase name="Then I should see the VAT is 1714" classname="| 36000 | 1714 | 34286 | Refactoring定價 |" time="0"/>
  <testcase name="Then I should see the VAT is 1714" classname="| 36000 | 1714 | 34286 | Refactoring定價 |" time="0"/>
  <testcase name="And the tax excluded price is 34286" classname="| 36000 | 1714 | 34286 | Refactoring定價 |" time="0"/>
  <testcase name="| 36000 | 1714 | 34286 | Refactoring定價 |" classname="| 36000 | 1714 | 34286 | Refactoring定價 |" time="0.001"/>
  <testcase name="| 36000 | 1714 | 34286 | Refactoring定價 |" classname="| 36000 | 1714 | 34286 | Refactoring定價 |" time="0"/>
  <testcase name="Given Ｔhe VAT rate is 0.05" classname="| 17900 | 852 | 17048 | Scrum早鳥 |" time="0"/>
  <testcase name="Given Ｔhe VAT rate is 0.05" classname="| 17900 | 852 | 17048 | Scrum早鳥 |" time="0"/>
  <testcase name="And the tax included price provided is 17900" classname="| 17900 | 852 | 17048 | Scrum早鳥 |" time="0"/>
  <testcase name="When I issue a company invoice" classname="| 17900 | 852 | 17048 | Scrum早鳥 |" time="0"/>
  <testcase name="When I issue a company invoice" classname="| 17900 | 852 | 17048 | Scrum早鳥 |" time="0"/>
  <testcase name="Then I should see the VAT is 852" classname="| 17900 | 852 | 17048 | Scrum早鳥 |" time="0"/>
  <testcase name="Then I should see the VAT is 852" classname="| 17900 | 852 | 17048 | Scrum早鳥 |" time="0"/>
  <testcase name="And the tax excluded price is 17048" classname="| 17900 | 852 | 17048 | Scrum早鳥 |" time="0"/>
  <testcase name="| 17900 | 852 | 17048 | Scrum早鳥 |" classname="| 17900 | 852 | 17048 | Scrum早鳥 |" time="0"/>
  <testcase name="| 17900 | 852 | 17048 | Scrum早鳥 |" classname="| 17900 | 852 | 17048 | Scrum早鳥 |" time="0"/>
  <testcase name="Given Ｔhe VAT rate is 0.05" classname="| 17000 | 810 | 16190 | Scrum泰迪之友 |" time="0"/>
  <testcase name="Given Ｔhe VAT rate is 0.05" classname="| 17000 | 810 | 16190 | Scrum泰迪之友 |" time="0"/>
  <testcase name="And the tax included price provided is 17000" classname="| 17000 | 810 | 16190 | Scrum泰迪之友 |" time="0.001"/>
  <testcase name="When I issue a company invoice" classname="| 17000 | 810 | 16190 | Scrum泰迪之友 |" time="0"/>
  <testcase name="When I issue a company invoice" classname="| 17000 | 810 | 16190 | Scrum泰迪之友 |" time="0"/>
  <testcase name="Then I should see the VAT is 810" classname="| 17000 | 810 | 16190 | Scrum泰迪之友 |" time="0"/>
  <testcase name="Then I should see the VAT is 810" classname="| 17000 | 810 | 16190 | Scrum泰迪之友 |" time="0"/>
  <testcase name="And the tax excluded price is 16190" classname="| 17000 | 810 | 16190 | Scrum泰迪之友 |" time="0"/>
  <testcase name="| 17000 | 810 | 16190 | Scrum泰迪之友 |" classname="| 17000 | 810 | 16190 | Scrum泰迪之友 |" time="0.001"/>
  <testcase name="| 17000 | 810 | 16190 | Scrum泰迪之友 |" classname="| 17000 | 810 | 16190 | Scrum泰迪之友 |" time="0.001"/>
  <testcase name="Given Ｔhe VAT rate is 0.05" classname="| 21000 | 1000 | 20000 | Scrum定價 |" time="0"/>
  <testcase name="Given Ｔhe VAT rate is 0.05" classname="| 21000 | 1000 | 20000 | Scrum定價 |" time="0"/>
  <testcase name="And the tax included price provided is 21000" classname="| 21000 | 1000 | 20000 | Scrum定價 |" time="0"/>
  <testcase name="When I issue a company invoice" classname="| 21000 | 1000 | 20000 | Scrum定價 |" time="0"/>
  <testcase name="When I issue a company invoice" classname="| 21000 | 1000 | 20000 | Scrum定價 |" time="0"/>
  <testcase name="Then I should see the VAT is 1000" classname="| 21000 | 1000 | 20000 | Scrum定價 |" time="0"/>
  <testcase name="Then I should see the VAT is 1000" classname="| 21000 | 1000 | 20000 | Scrum定價 |" time="0"/>
  <testcase name="And the tax excluded price is 20000" classname="| 21000 | 1000 | 20000 | Scrum定價 |" time="0"/>
  <testcase name="| 21000 | 1000 | 20000 | Scrum定價 |" classname="| 21000 | 1000 | 20000 | Scrum定價 |" time="0"/>
  <testcase name="| 21000 | 1000 | 20000 | Scrum定價 |" classname="| 21000 | 1000 | 20000 | Scrum定價 |" time="0"/>
  <testcase name="Given Ｔhe VAT rate is 0.05" classname="| 99 | 5 | 94 | 四捨五入案例 |" time="0"/>
  <testcase name="Given Ｔhe VAT rate is 0.05" classname="| 99 | 5 | 94 | 四捨五入案例 |" time="0"/>
  <testcase name="And the tax included price provided is 99" classname="| 99 | 5 | 94 | 四捨五入案例 |" time="0"/>
  <testcase name="When I issue a company invoice" classname="| 99 | 5 | 94 | 四捨五入案例 |" time="0"/>
  <testcase name="When I issue a company invoice" classname="| 99 | 5 | 94 | 四捨五入案例 |" time="0"/>
  <testcase name="Then I should see the VAT is 5" classname="| 99 | 5 | 94 | 四捨五入案例 |" time="0"/>
  <testcase name="Then I should see the VAT is 5" classname="| 99 | 5 | 94 | 四捨五入案例 |" time="0"/>
  <testcase name="And the tax excluded price is 94" classname="| 99 | 5 | 94 | 四捨五入案例 |" time="0"/>
  <testcase name="| 99 | 5 | 94 | 四捨五入案例 |" classname="| 99 | 5 | 94 | 四捨五入案例 |" time="0"/>
  <testcase name="| 99 | 5 | 94 | 四捨五入案例 |" classname="| 99 | 5 | 94 | 四捨五入案例 |" time="0"/>
  <testcase name="Given Ｔhe VAT rate is 0.05" classname="| 1 | 0 | 1 | 邊界條件 |" time="0"/>
  <testcase name="Given Ｔhe VAT rate is 0.05" classname="| 1 | 0 | 1 | 邊界條件 |" time="0"/>
  <testcase name="And the tax included price provided is 1" classname="| 1 | 0 | 1 | 邊界條件 |" time="0"/>
  <testcase name="When I issue a company invoice" classname="| 1 | 0 | 1 | 邊界條件 |" time="0"/>
  <testcase name="When I issue a company invoice" classname="| 1 | 0 | 1 | 邊界條件 |" time="0"/>
  <testcase name="Then I should see the VAT is 0" classname="| 1 | 0 | 1 | 邊界條件 |" time="0"/>
  <testcase name="Then I should see the VAT is 0" classname="| 1 | 0 | 1 | 邊界條件 |" time="0"/>
  <testcase name="And the tax excluded price is 1" classname="| 1 | 0 | 1 | 邊界條件 |" time="0"/>
  <testcase name="| 1 | 0 | 1 | 邊界條件 |" classname="| 1 | 0 | 1 | 邊界條件 |" time="0"/>
  <testcase name="| 1 | 0 | 1 | 邊界條件 |" classname="| 1 | 0 | 1 | 邊界條件 |" time="0"/>
  <testcase name="Given Ｔhe VAT rate is 0.05" classname="| 10 | 0 | 10 | 邊界條件 |" time="0"/>
  <testcase name="And the tax included price provided is 10" classname="| 10 | 0 | 10 | 邊界條件 |" time="0"/>
  <testcase name="When I issue a company invoice" classname="| 10 | 0 | 10 | 邊界條件 |" time="0"/>
  <testcase name="Then I should see the VAT is 0" classname="| 10 | 0 | 10 | 邊界條件 |" time="0"/>
  <testcase name="And the tax excluded price is 10" classname="| 10 | 0 | 10 | 邊界條件 |" time="0"/>
  <testcase name="| 10 | 0 | 10 | 邊界條件 |" classname="| 10 | 0 | 10 | 邊界條件 |" time="0"/>
  <testcase name="Given Ｔhe VAT rate is 0.05" classname="| 11 | 1 | 10 | 邊界條件 |" time="0"/>
  <testcase name="Given Ｔhe VAT rate is 0.05" classname="| 11 | 1 | 10 | 邊界條件 |" time="0"/>
  <testcase name="And the tax included price provided is 11" classname="| 11 | 1 | 10 | 邊界條件 |" time="0"/>
  <testcase name="When I issue a company invoice" classname="| 11 | 1 | 10 | 邊界條件 |" time="0"/>
  <testcase name="When I issue a company invoice" classname="| 11 | 1 | 10 | 邊界條件 |" time="0"/>
  <testcase name="Then I should see the VAT is 1" classname="| 11 | 1 | 10 | 邊界條件 |" time="0"/>
  <testcase name="Then I should see the VAT is 1" classname="| 11 | 1 | 10 | 邊界條件 |" time="0"/>
  <testcase name="And the tax excluded price is 10" classname="| 11 | 1 | 10 | 邊界條件 |" time="0"/>
  <testcase name="| 11 | 1 | 10 | 邊界條件 |" classname="| 11 | 1 | 10 | 邊界條件 |" time="0"/>
  <testcase name="| 11 | 1 | 10 | 邊界條件 |" classname="| 11 | 1 | 10 | 邊界條件 |" time="0"/>
  <testcase name="Given Ｔhe VAT rate is 0.05" classname="| 0 | 0 | 0 | 可以開零元發票 |" time="0"/>
  <testcase name="Given Ｔhe VAT rate is 0.05" classname="| 0 | 0 | 0 | 可以開零元發票 |" time="0"/>
  <testcase name="And the tax included price provided is 0" classname="| 0 | 0 | 0 | 可以開零元發票 |" time="0"/>
  <testcase name="When I issue a company invoice" classname="| 0 | 0 | 0 | 可以開零元發票 |" time="0"/>
  <testcase name="When I issue a company invoice" classname="| 0 | 0 | 0 | 可以開零元發票 |" time="0"/>
  <testcase name="Then I should see the VAT is 0" classname="| 0 | 0 | 0 | 可以開零元發票 |" time="0"/>
  <testcase name="Then I should see the VAT is 0" classname="| 0 | 0 | 0 | 可以開零元發票 |" time="0"/>
  <testcase name="And the tax excluded price is 0" classname="| 0 | 0 | 0 | 可以開零元發票 |" time="0"/>
  <testcase name="| 0 | 0 | 0 | 可以開零元發票 |" classname="| 0 | 0 | 0 | 可以開零元發票 |" time="0"/>
  <testcase name="| 0 | 0 | 0 | 可以開零元發票 |" classname="| 0 | 0 | 0 | 可以開零元發票 |" time="0.001"/>
  <testcase name="And the tax excluded price provided is 34286" classname="| 36000 | 1714 | 34286 | Refactoring定價 |" time="0"/>
  <testcase name="And the tax included price is 36000" classname="| 36000 | 1714 | 34286 | Refactoring定價 |" time="0"/>
  <testcase name="And the tax excluded price provided is 17048" classname="| 17900 | 852 | 17048 | Scrum早鳥 |" time="0"/>
  <testcase name="And the tax included price is 17900" classname="| 17900 | 852 | 17048 | Scrum早鳥 |" time="0"/>
  <testcase name="And the tax excluded price provided is 16190" classname="| 17000 | 810 | 16190 | Scrum泰迪之友 |" time="0"/>
  <testcase name="And the tax included price is 17000" classname="| 17000 | 810 | 16190 | Scrum泰迪之友 |" time="0"/>
  <testcase name="And the tax excluded price provided is 20000" classname="| 21000 | 1000 | 20000 | Scrum定價 |" time="0"/>
  <testcase name="And the tax included price is 21000" classname="| 21000 | 1000 | 20000 | Scrum定價 |" time="0"/>
  <testcase name="And the tax excluded price provided is 94" classname="| 99 | 5 | 94 | 四捨五入案例 |" time="0"/>
  <testcase name="And the tax included price is 99" classname="| 99 | 5 | 94 | 四捨五入案例 |" time="0"/>
  <testcase name="And the tax excluded price provided is 1" classname="| 1 | 0 | 1 | 邊界條件 |" time="0"/>
  <testcase name="And the tax included price is 1" classname="| 1 | 0 | 1 | 邊界條件 |" time="0"/>
  <testcase name="And the tax excluded price provided is 10" classname="| 11 | 1 | 10 | 邊界條件 |" time="0"/>
  <testcase name="And the tax included price is 11" classname="| 11 | 1 | 10 | 邊界條件 |" time="0"/>
  <testcase name="Given Ｔhe VAT rate is 0.05" classname="| 12 | 1 | 11 | 邊界條件 |" time="0"/>
  <testcase name="And the tax excluded price provided is 11" classname="| 12 | 1 | 11 | 邊界條件 |" time="0"/>
  <testcase name="When I issue a company invoice" classname="| 12 | 1 | 11 | 邊界條件 |" time="0"/>
  <testcase name="Then I should see the VAT is 1" classname="| 12 | 1 | 11 | 邊界條件 |" time="0"/>
  <testcase name="And the tax included price is 12" classname="| 12 | 1 | 11 | 邊界條件 |" time="0"/>
  <testcase name="| 12 | 1 | 11 | 邊界條件 |" classname="| 12 | 1 | 11 | 邊界條件 |" time="0"/>
  <testcase name="And the tax excluded price provided is 0" classname="| 0 | 0 | 0 | 可以開零元發票 |" time="0"/>
  <testcase name="And the tax included price is 0" classname="| 0 | 0 | 0 | 可以開零元發票 |" time="0"/>
  <testcase name="Given Ｔhe VAT rate is 0.05" classname="Scenario: A special case to issue an invoice by assigning 10$ to tax included prices first and tax excluded prices second" time="0"/>
  <testcase name="And the tax included price provided is 10" classname="Scenario: A special case to issue an invoice by assigning 10$ to tax included prices first and tax excluded prices second" time="0"/>
  <testcase name="And the tax excluded price provided is 10" classname="Scenario: A special case to issue an invoice by assigning 10$ to tax included prices first and tax excluded prices second" time="0"/>
  <testcase name="When I issue a company invoice" classname="Scenario: A special case to issue an invoice by assigning 10$ to tax included prices first and tax excluded prices second" time="0"/>
  <testcase name="Then I should see the VAT is 1" classname="Scenario: A special case to issue an invoice by assigning 10$ to tax included prices first and tax excluded prices second" time="0"/>
  <testcase name="And the tax included price is 11" classname="Scenario: A special case to issue an invoice by assigning 10$ to tax included prices first and tax excluded prices second" time="0"/>
  <testcase name="And the tax excluded price is 10" classname="Scenario: A special case to issue an invoice by assigning 10$ to tax included prices first and tax excluded prices second" time="0"/>
  <testcase name="Scenario: A special case to issue an invoice by assigning 10$ to tax included prices first and tax excluded prices second" classname="Scenario: A special case to issue an invoice by assigning 10$ to tax included prices first and tax excluded prices second" time="0.001"/>
  <testcase name="Given Ｔhe VAT rate is 0.05" classname="Scenario: A special case to issue an invoice by assigning 10$ to tax excluded prices first and tax included prices second" time="0"/>
  <testcase name="And the tax excluded price provided is 10" classname="Scenario: A special case to issue an invoice by assigning 10$ to tax excluded prices first and tax included prices second" time="0"/>
  <testcase name="And the tax included price provided is 10" classname="Scenario: A special case to issue an invoice by assigning 10$ to tax excluded prices first and tax included prices second" time="0"/>
  <testcase name="When I issue a company invoice" classname="Scenario: A special case to issue an invoice by assigning 10$ to tax excluded prices first and tax included prices second" time="0"/>
  <testcase name="Then I should see the VAT is 0" classname="Scenario: A special case to issue an invoice by assigning 10$ to tax excluded prices first and tax included prices second" time="0"/>
  <testcase name="And the tax included price is 10" classname="Scenario: A special case to issue an invoice by assigning 10$ to tax excluded prices first and tax included prices second" time="0"/>
  <testcase name="And the tax excluded price is 10" classname="Scenario: A special case to issue an invoice by assigning 10$ to tax excluded prices first and tax included prices second" time="0"/>
  <testcase name="Scenario: A special case to issue an invoice by assigning 10$ to tax excluded prices first and tax included prices second" classname="Scenario: A special case to issue an invoice by assigning 10$ to tax excluded prices first and tax included prices second" time="0.001"/>
</testsuite>